<?xml version="1.0" encoding="UTF-8"?>
<testng-results ignored="0" total="1" passed="1" failed="0" skipped="0">
  <reporter-output>
  </reporter-output>
  <suite started-at="2021-01-31T14:28:58 EST" name="Suite" finished-at="2021-01-31T14:29:06 EST" duration-ms="7938">
    <groups>
      <group name="cucumber">
        <method signature="AbstractTestNGCucumberTests.runScenario(cucumber.api.testng.PickleEventWrapper, cucumber.api.testng.CucumberFeatureWrapper)[pri:0, instance:com.runner.phpLoginRunnerFile@2df9b86]" name="runScenario" class="cucumber.api.testng.AbstractTestNGCucumberTests"/>
      </group> <!-- cucumber -->
    </groups>
    <test started-at="2021-01-31T14:28:58 EST" name="Test" finished-at="2021-01-31T14:29:06 EST" duration-ms="7938">
      <class name="com.runner.phpLoginRunnerFile">
        <test-method is-config="true" signature="setup()[pri:0, instance:com.runner.phpLoginRunnerFile@2df9b86]" started-at="2021-01-31T14:28:58 EST" name="setup" finished-at="2021-01-31T14:28:58 EST" duration-ms="12" status="PASS">
          <reporter-output>
          </reporter-output>
        </test-method> <!-- setup -->
        <test-method is-config="true" signature="setUpClass()[pri:0, instance:com.runner.phpLoginRunnerFile@2df9b86]" started-at="2021-01-31T14:28:58 EST" name="setUpClass" finished-at="2021-01-31T14:28:58 EST" duration-ms="164" status="PASS">
          <reporter-output>
          </reporter-output>
        </test-method> <!-- setUpClass -->
        <test-method signature="runScenario(cucumber.api.testng.PickleEventWrapper, cucumber.api.testng.CucumberFeatureWrapper)[pri:0, instance:com.runner.phpLoginRunnerFile@2df9b86]" started-at="2021-01-31T14:28:58 EST" name="runScenario" description="Runs Cucumber Scenarios" data-provider="scenarios" finished-at="2021-01-31T14:29:06 EST" duration-ms="7653" status="PASS">
          <params>
            <param index="0">
              <value>
                <![CDATA[""]]>
              </value>
            </param>
            <param index="1">
              <value>
                <![CDATA["Login feature testing"]]>
              </value>
            </param>
          </params>
          <reporter-output>
          </reporter-output>
        </test-method> <!-- runScenario -->
        <test-method is-config="true" signature="tearDownClass()[pri:0, instance:com.runner.phpLoginRunnerFile@2df9b86]" started-at="2021-01-31T14:29:06 EST" name="tearDownClass" finished-at="2021-01-31T14:29:06 EST" duration-ms="38" status="PASS">
          <reporter-output>
          </reporter-output>
        </test-method> <!-- tearDownClass -->
      </class> <!-- com.runner.phpLoginRunnerFile -->
    </test> <!-- Test -->
  </suite> <!-- Suite -->
</testng-results>
