<?xml version="1.0" encoding="UTF-8"?>
<testng-results ignored="0" total="1" passed="1" failed="0" skipped="0">
  <reporter-output>
  </reporter-output>
  <suite started-at="2020-11-20T02:01:49 EST" name="Default suite" finished-at="2020-11-20T02:02:02 EST" duration-ms="12526">
    <groups>
    </groups>
    <test started-at="2020-11-20T02:01:49 EST" name="Default test" finished-at="2020-11-20T02:02:02 EST" duration-ms="12526">
      <class name="test.execution.SmokeTestingTestNG">
        <test-method is-config="true" signature="getDriverSetup()[pri:0, instance:test.execution.SmokeTestingTestNG@6236eb5f]" started-at="2020-11-20T02:01:49 EST" name="getDriverSetup" finished-at="2020-11-20T02:01:56 EST" duration-ms="6720" status="PASS">
          <reporter-output>
          </reporter-output>
        </test-method> <!-- getDriverSetup -->
        <test-method signature="getTest()[pri:0, instance:test.execution.SmokeTestingTestNG@6236eb5f]" started-at="2020-11-20T02:01:56 EST" name="getTest" finished-at="2020-11-20T02:01:58 EST" duration-ms="2124" status="PASS">
          <reporter-output>
          </reporter-output>
        </test-method> <!-- getTest -->
        <test-method is-config="true" signature="getAfterTest()[pri:0, instance:test.execution.SmokeTestingTestNG@6236eb5f]" started-at="2020-11-20T02:01:58 EST" name="getAfterTest" finished-at="2020-11-20T02:02:02 EST" duration-ms="3658" status="PASS">
          <reporter-output>
          </reporter-output>
        </test-method> <!-- getAfterTest -->
      </class> <!-- test.execution.SmokeTestingTestNG -->
    </test> <!-- Default test -->
  </suite> <!-- Default suite -->
</testng-results>
