<?xml version="1.0" encoding="UTF-8"?>
<!-- Generated by org.testng.reporters.JUnitXMLReporter -->
<testsuite ignored="0" hostname="FARHAN" failures="0" tests="3" name="Default test" time="0.054" errors="0" timestamp="2020-12-11T20:52:07 EST">
  <testcase classname="com.TestNGsenario.DependsOnMethod" name="get3" time="0.007"/>
  <testcase classname="com.TestNGsenario.DependsOnMethod" name="get1" time="0.001"/>
  <testcase classname="com.TestNGsenario.DependsOnMethod" name="get2" time="0.001"/>
</testsuite> <!-- Default test -->
