<?xml version="1.0" encoding="UTF-8"?>
<!-- Generated by org.testng.reporters.JUnitXMLReporter -->
<testsuite ignored="0" hostname="FARHAN" failures="1" tests="1" name="Test2" time="0.015" errors="0" timestamp="2020-11-27T20:50:50 EST">
  <testcase classname="com.java.condition.practice.ReviewClassPractice" name="getsalary" time="0.012">
    <failure type="java.lang.IllegalStateException" message="The driver executable does not exist: C:\Users\maqfy\git\repository2\BLUE TEAM\Practice.Rezi.com\rezi.com.practice\.\Driver\IEDriverServer.exe">
      <![CDATA[java.lang.IllegalStateException: The driver executable does not exist: C:\Users\maqfy\git\repository2\BLUE TEAM\Practice.Rezi.com\rezi.com.practice\.\Driver\IEDriverServer.exe
at com.google.common.base.Preconditions.checkState(Preconditions.java:585)
at org.openqa.selenium.remote.service.DriverService.checkExecutable(DriverService.java:146)
at org.openqa.selenium.remote.service.DriverService.findExecutable(DriverService.java:141)
at org.openqa.selenium.ie.InternetExplorerDriverService.access$000(InternetExplorerDriverService.java:35)
at org.openqa.selenium.ie.InternetExplorerDriverService$Builder.findDefaultExecutable(InternetExplorerDriverService.java:175)
at org.openqa.selenium.remote.service.DriverService$Builder.build(DriverService.java:355)
at org.openqa.selenium.ie.InternetExplorerDriver.setupService(InternetExplorerDriver.java:281)
at org.openqa.selenium.ie.InternetExplorerDriver.<init>(InternetExplorerDriver.java:211)
at org.openqa.selenium.ie.InternetExplorerDriver.<init>(InternetExplorerDriver.java:150)
at com.java.condition.practice.ReviewClassPractice.getsalary(ReviewClassPractice.java:40)
at java.base/java.util.ArrayList.forEach(ArrayList.java:1511)
... Removed 27 stack frames]]>
    </failure>
  </testcase> <!-- getsalary -->
</testsuite> <!-- Test2 -->
