<?xml version="1.0" encoding="UTF-8"?>
<testng-results ignored="0" total="1" passed="1" failed="0" skipped="0">
  <reporter-output>
  </reporter-output>
  <suite started-at="2020-11-20T00:49:29 EST" name="Default suite" finished-at="2020-11-20T00:49:38 EST" duration-ms="9057">
    <groups>
    </groups>
    <test started-at="2020-11-20T00:49:29 EST" name="Default test" finished-at="2020-11-20T00:49:38 EST" duration-ms="9057">
      <class name="test.execution.SmokeTestingWithTestng">
        <test-method is-config="true" signature="getDriverSetup()[pri:0, instance:test.execution.SmokeTestingWithTestng@32910148]" started-at="2020-11-20T00:49:29 EST" name="getDriverSetup" finished-at="2020-11-20T00:49:34 EST" duration-ms="5609" status="PASS">
          <reporter-output>
          </reporter-output>
        </test-method> <!-- getDriverSetup -->
        <test-method signature="getsalary()[pri:0, instance:test.execution.SmokeTestingWithTestng@32910148]" started-at="2020-11-20T00:49:35 EST" name="getsalary" finished-at="2020-11-20T00:49:37 EST" duration-ms="2750" status="PASS">
          <reporter-output>
          </reporter-output>
        </test-method> <!-- getsalary -->
        <test-method is-config="true" signature="getDriverClose()[pri:0, instance:test.execution.SmokeTestingWithTestng@32910148]" started-at="2020-11-20T00:49:37 EST" name="getDriverClose" finished-at="2020-11-20T00:49:38 EST" duration-ms="663" status="PASS">
          <reporter-output>
          </reporter-output>
        </test-method> <!-- getDriverClose -->
      </class> <!-- test.execution.SmokeTestingWithTestng -->
    </test> <!-- Default test -->
  </suite> <!-- Default suite -->
</testng-results>
